{"E:\\codeweb\\jest-tutorial\\src\\2-matchers\\example.js": {"path":"E:\\codeweb\\jest-tutorial\\src\\2-matchers\\example.js","statementMap":{"0":{"start":{"line":1,"column":24},"end":{"line":3,"column":1}},"1":{"start":{"line":2,"column":2},"end":{"line":2,"column":14}}},"fnMap":{"0":{"name":"(anonymous_0)","decl":{"start":{"line":1,"column":24},"end":{"line":1,"column":25}},"loc":{"start":{"line":1,"column":34},"end":{"line":3,"column":1}},"line":1}},"branchMap":{},"s":{"0":1,"1":1},"f":{"0":1},"b":{},"_coverageSchema":"1a1c01bbd47fc00a2c39e90264f33305004495a9","hash":"7e5750ecb9e57bcbfb2b87177a1e99d186bc106d"}
,"E:\\codeweb\\jest-tutorial\\src\\3-async-code\\example.js": {"path":"E:\\codeweb\\jest-tutorial\\src\\3-async-code\\example.js","statementMap":{"0":{"start":{"line":3,"column":25},"end":{"line":5,"column":1}},"1":{"start":{"line":4,"column":2},"end":{"line":4,"column":66}}},"fnMap":{"0":{"name":"(anonymous_0)","decl":{"start":{"line":3,"column":25},"end":{"line":3,"column":26}},"loc":{"start":{"line":3,"column":31},"end":{"line":5,"column":1}},"line":3}},"branchMap":{},"s":{"0":1,"1":2},"f":{"0":2},"b":{},"_coverageSchema":"1a1c01bbd47fc00a2c39e90264f33305004495a9","hash":"3e192fe8c248cc0f97b8b65f250141072759b0f9"}
,"E:\\codeweb\\jest-tutorial\\src\\4-mock\\example.js": {"path":"E:\\codeweb\\jest-tutorial\\src\\4-mock\\example.js","statementMap":{"0":{"start":{"line":3,"column":25},"end":{"line":5,"column":1}},"1":{"start":{"line":4,"column":2},"end":{"line":4,"column":66}},"2":{"start":{"line":8,"column":2},"end":{"line":8,"column":13}}},"fnMap":{"0":{"name":"(anonymous_0)","decl":{"start":{"line":3,"column":25},"end":{"line":3,"column":26}},"loc":{"start":{"line":3,"column":31},"end":{"line":5,"column":1}},"line":3},"1":{"name":"runFn","decl":{"start":{"line":7,"column":16},"end":{"line":7,"column":21}},"loc":{"start":{"line":7,"column":26},"end":{"line":9,"column":1}},"line":7}},"branchMap":{},"s":{"0":1,"1":1,"2":1},"f":{"0":1,"1":1},"b":{},"_coverageSchema":"1a1c01bbd47fc00a2c39e90264f33305004495a9","hash":"c2f5220af1d09a740ddeae0b6e6870e1a9ae3881"}
,"E:\\codeweb\\jest-tutorial\\src\\5-snapshot\\example.js": {"path":"E:\\codeweb\\jest-tutorial\\src\\5-snapshot\\example.js","statementMap":{"0":{"start":{"line":2,"column":2},"end":{"line":5,"column":3}}},"fnMap":{"0":{"name":"getConfig","decl":{"start":{"line":1,"column":16},"end":{"line":1,"column":25}},"loc":{"start":{"line":1,"column":28},"end":{"line":6,"column":1}},"line":1}},"branchMap":{},"s":{"0":1},"f":{"0":1},"b":{},"_coverageSchema":"1a1c01bbd47fc00a2c39e90264f33305004495a9","hash":"31176417c7570d5035568f37a706b30fd0d96986"}
,"E:\\codeweb\\jest-tutorial\\src\\6-timer-mocks\\example.js": {"path":"E:\\codeweb\\jest-tutorial\\src\\6-timer-mocks\\example.js","statementMap":{"0":{"start":{"line":2,"column":2},"end":{"line":2,"column":29}},"1":{"start":{"line":3,"column":2},"end":{"line":6,"column":10}},"2":{"start":{"line":4,"column":4},"end":{"line":4,"column":37}},"3":{"start":{"line":5,"column":4},"end":{"line":5,"column":26}}},"fnMap":{"0":{"name":"timerGame","decl":{"start":{"line":1,"column":16},"end":{"line":1,"column":25}},"loc":{"start":{"line":1,"column":36},"end":{"line":7,"column":1}},"line":1},"1":{"name":"(anonymous_1)","decl":{"start":{"line":3,"column":13},"end":{"line":3,"column":14}},"loc":{"start":{"line":3,"column":19},"end":{"line":6,"column":3}},"line":3}},"branchMap":{"0":{"loc":{"start":{"line":5,"column":4},"end":{"line":5,"column":26}},"type":"binary-expr","locations":[{"start":{"line":5,"column":4},"end":{"line":5,"column":12}},{"start":{"line":5,"column":16},"end":{"line":5,"column":26}}],"line":5}},"s":{"0":1,"1":1,"2":1,"3":1},"f":{"0":1,"1":1},"b":{"0":[1,1]},"_coverageSchema":"1a1c01bbd47fc00a2c39e90264f33305004495a9","hash":"ccfeab823e47d6e2938eb295e756a46af9e491c0"}
}
