TN:
SF:src\2-matchers\example.js
FN:1,(anonymous_0)
FNF:1
FNH:1
FNDA:1,(anonymous_0)
DA:1,1
DA:2,1
LF:2
LH:2
BRF:0
BRH:0
end_of_record
TN:
SF:src\3-async-code\example.js
FN:3,(anonymous_0)
FNF:1
FNH:1
FNDA:2,(anonymous_0)
DA:3,1
DA:4,2
LF:2
LH:2
BRF:0
BRH:0
end_of_record
TN:
SF:src\4-mock\example.js
FN:3,(anonymous_0)
FN:7,runFn
FNF:2
FNH:2
FNDA:1,(anonymous_0)
FNDA:1,runFn
DA:3,1
DA:4,1
DA:8,1
LF:3
LH:3
BRF:0
BRH:0
end_of_record
TN:
SF:src\5-snapshot\example.js
FN:1,getConfig
FNF:1
FNH:1
FNDA:1,getConfig
DA:2,1
LF:1
LH:1
BRF:0
BRH:0
end_of_record
TN:
SF:src\6-timer-mocks\example.js
FN:1,timerGame
FN:3,(anonymous_1)
FNF:2
FNH:2
FNDA:1,timerGame
FNDA:1,(anonymous_1)
DA:2,1
DA:3,1
DA:4,1
DA:5,1
LF:4
LH:4
BRDA:5,0,0,1
BRDA:5,0,1,1
BRF:2
BRH:2
end_of_record
